{"D:\\Projects\\rolling-scopes\\markup-2018q3\\dashboard\\client\\src\\constants.js": {"path":"D:\\Projects\\rolling-scopes\\markup-2018q3\\dashboard\\client\\src\\constants.js","statementMap":{},"fnMap":{},"branchMap":{},"s":{},"f":{},"b":{},"_coverageSchema":"43e27e138ebf9cfc5966b082cf9a028302ed4184","hash":"c092f34dfcc3b2919b6500cce7a8b2a8a8ec1d90"}
,"D:\\Projects\\rolling-scopes\\markup-2018q3\\dashboard\\client\\src\\containers\\taskResult.jsx": {"path":"D:\\Projects\\rolling-scopes\\markup-2018q3\\dashboard\\client\\src\\containers\\taskResult.jsx","statementMap":{"0":{"start":{"line":5,"column":28},"end":{"line":7,"column":1}},"1":{"start":{"line":6,"column":2},"end":{"line":6,"column":80}},"2":{"start":{"line":9,"column":0},"end":{"line":12,"column":2}}},"fnMap":{"0":{"name":"(anonymous_0)","decl":{"start":{"line":5,"column":28},"end":{"line":5,"column":29}},"loc":{"start":{"line":6,"column":2},"end":{"line":6,"column":80}},"line":6}},"branchMap":{},"s":{"0":4,"1":1,"2":4},"f":{"0":1},"b":{},"_coverageSchema":"43e27e138ebf9cfc5966b082cf9a028302ed4184","hash":"4c2512fd85bbe8443c158f482a97aa451458fdf2"}
,"D:\\Projects\\rolling-scopes\\markup-2018q3\\dashboard\\client\\src\\containers\\taskResultColumn.jsx": {"path":"D:\\Projects\\rolling-scopes\\markup-2018q3\\dashboard\\client\\src\\containers\\taskResultColumn.jsx","statementMap":{"0":{"start":{"line":6,"column":24},"end":{"line":23,"column":1}},"1":{"start":{"line":7,"column":14},"end":{"line":7,"column":38}},"2":{"start":{"line":8,"column":21},"end":{"line":9,"column":58}},"3":{"start":{"line":10,"column":2},"end":{"line":12,"column":3}},"4":{"start":{"line":11,"column":4},"end":{"line":11,"column":36}},"5":{"start":{"line":13,"column":2},"end":{"line":15,"column":3}},"6":{"start":{"line":14,"column":4},"end":{"line":14,"column":40}},"7":{"start":{"line":16,"column":2},"end":{"line":18,"column":3}},"8":{"start":{"line":17,"column":4},"end":{"line":17,"column":38}},"9":{"start":{"line":19,"column":2},"end":{"line":21,"column":3}},"10":{"start":{"line":20,"column":4},"end":{"line":20,"column":34}},"11":{"start":{"line":22,"column":2},"end":{"line":22,"column":15}},"12":{"start":{"line":25,"column":34},"end":{"line":36,"column":1}},"13":{"start":{"line":26,"column":16},"end":{"line":26,"column":47}},"14":{"start":{"line":27,"column":15},"end":{"line":27,"column":39}},"15":{"start":{"line":28,"column":15},"end":{"line":28,"column":39}},"16":{"start":{"line":29,"column":2},"end":{"line":35,"column":4}},"17":{"start":{"line":38,"column":0},"end":{"line":41,"column":2}},"18":{"start":{"line":43,"column":0},"end":{"line":45,"column":2}}},"fnMap":{"0":{"name":"(anonymous_0)","decl":{"start":{"line":6,"column":24},"end":{"line":6,"column":25}},"loc":{"start":{"line":6,"column":44},"end":{"line":23,"column":1}},"line":6},"1":{"name":"(anonymous_1)","decl":{"start":{"line":25,"column":34},"end":{"line":25,"column":35}},"loc":{"start":{"line":25,"column":58},"end":{"line":36,"column":1}},"line":25}},"branchMap":{"0":{"loc":{"start":{"line":8,"column":21},"end":{"line":9,"column":58}},"type":"cond-expr","locations":[{"start":{"line":9,"column":6},"end":{"line":9,"column":32}},{"start":{"line":9,"column":35},"end":{"line":9,"column":58}}],"line":8},"1":{"loc":{"start":{"line":10,"column":2},"end":{"line":12,"column":3}},"type":"if","locations":[{"start":{"line":10,"column":2},"end":{"line":12,"column":3}},{"start":{"line":10,"column":2},"end":{"line":12,"column":3}}],"line":10},"2":{"loc":{"start":{"line":10,"column":6},"end":{"line":10,"column":35}},"type":"binary-expr","locations":[{"start":{"line":10,"column":6},"end":{"line":10,"column":13}},{"start":{"line":10,"column":17},"end":{"line":10,"column":35}}],"line":10},"3":{"loc":{"start":{"line":13,"column":2},"end":{"line":15,"column":3}},"type":"if","locations":[{"start":{"line":13,"column":2},"end":{"line":15,"column":3}},{"start":{"line":13,"column":2},"end":{"line":15,"column":3}}],"line":13},"4":{"loc":{"start":{"line":13,"column":6},"end":{"line":13,"column":58}},"type":"binary-expr","locations":[{"start":{"line":13,"column":6},"end":{"line":13,"column":13}},{"start":{"line":13,"column":17},"end":{"line":13,"column":36}},{"start":{"line":13,"column":40},"end":{"line":13,"column":58}}],"line":13},"5":{"loc":{"start":{"line":16,"column":2},"end":{"line":18,"column":3}},"type":"if","locations":[{"start":{"line":16,"column":2},"end":{"line":18,"column":3}},{"start":{"line":16,"column":2},"end":{"line":18,"column":3}}],"line":16},"6":{"loc":{"start":{"line":16,"column":6},"end":{"line":16,"column":80}},"type":"binary-expr","locations":[{"start":{"line":16,"column":6},"end":{"line":16,"column":13}},{"start":{"line":16,"column":17},"end":{"line":16,"column":35}},{"start":{"line":16,"column":39},"end":{"line":16,"column":58}},{"start":{"line":16,"column":62},"end":{"line":16,"column":80}}],"line":16},"7":{"loc":{"start":{"line":19,"column":2},"end":{"line":21,"column":3}},"type":"if","locations":[{"start":{"line":19,"column":2},"end":{"line":21,"column":3}},{"start":{"line":19,"column":2},"end":{"line":21,"column":3}}],"line":19},"8":{"loc":{"start":{"line":27,"column":15},"end":{"line":27,"column":39}},"type":"cond-expr","locations":[{"start":{"line":27,"column":24},"end":{"line":27,"column":35}},{"start":{"line":27,"column":38},"end":{"line":27,"column":39}}],"line":27},"9":{"loc":{"start":{"line":28,"column":15},"end":{"line":28,"column":39}},"type":"cond-expr","locations":[{"start":{"line":28,"column":24},"end":{"line":28,"column":33}},{"start":{"line":28,"column":36},"end":{"line":28,"column":39}}],"line":28}},"s":{"0":5,"1":4,"2":4,"3":4,"4":1,"5":4,"6":1,"7":4,"8":1,"9":4,"10":2,"11":4,"12":5,"13":4,"14":4,"15":4,"16":4,"17":5,"18":5},"f":{"0":4,"1":4},"b":{"0":[3,1],"1":[1,3],"2":[4,2],"3":[1,3],"4":[4,2,1],"5":[1,3],"6":[4,2,1,1],"7":[2,2],"8":[2,2],"9":[2,2]},"_coverageSchema":"43e27e138ebf9cfc5966b082cf9a028302ed4184","hash":"e02104b13e96d769d36306e548281fbbe2f46531"}
,"D:\\Projects\\rolling-scopes\\markup-2018q3\\dashboard\\client\\src\\containers\\taskResults.jsx": {"path":"D:\\Projects\\rolling-scopes\\markup-2018q3\\dashboard\\client\\src\\containers\\taskResults.jsx","statementMap":{"0":{"start":{"line":7,"column":27},"end":{"line":7,"column":87}},"1":{"start":{"line":7,"column":52},"end":{"line":7,"column":83}},"2":{"start":{"line":8,"column":4},"end":{"line":8,"column":54}},"3":{"start":{"line":12,"column":40},"end":{"line":12,"column":50}},"4":{"start":{"line":13,"column":4},"end":{"line":26,"column":6}},"5":{"start":{"line":17,"column":12},"end":{"line":22,"column":14}},"6":{"start":{"line":30,"column":0},"end":{"line":34,"column":2}}},"fnMap":{"0":{"name":"(anonymous_0)","decl":{"start":{"line":6,"column":2},"end":{"line":6,"column":3}},"loc":{"start":{"line":6,"column":41},"end":{"line":9,"column":3}},"line":6},"1":{"name":"(anonymous_1)","decl":{"start":{"line":7,"column":42},"end":{"line":7,"column":43}},"loc":{"start":{"line":7,"column":52},"end":{"line":7,"column":83}},"line":7},"2":{"name":"(anonymous_2)","decl":{"start":{"line":11,"column":2},"end":{"line":11,"column":3}},"loc":{"start":{"line":11,"column":11},"end":{"line":27,"column":3}},"line":11},"3":{"name":"(anonymous_3)","decl":{"start":{"line":16,"column":23},"end":{"line":16,"column":24}},"loc":{"start":{"line":17,"column":12},"end":{"line":22,"column":14}},"line":17}},"branchMap":{"0":{"loc":{"start":{"line":8,"column":11},"end":{"line":8,"column":53}},"type":"cond-expr","locations":[{"start":{"line":8,"column":28},"end":{"line":8,"column":48}},{"start":{"line":8,"column":51},"end":{"line":8,"column":53}}],"line":8}},"s":{"0":4,"1":4,"2":4,"3":2,"4":2,"5":2,"6":3},"f":{"0":4,"1":4,"2":2,"3":2},"b":{"0":[2,2]},"_coverageSchema":"43e27e138ebf9cfc5966b082cf9a028302ed4184","hash":"79bf3860f65fd244feea1f76ce3715d89be66c31"}
,"D:\\Projects\\rolling-scopes\\markup-2018q3\\dashboard\\client\\src\\views\\tableBody.jsx": {"path":"D:\\Projects\\rolling-scopes\\markup-2018q3\\dashboard\\client\\src\\views\\tableBody.jsx","statementMap":{"0":{"start":{"line":7,"column":41},"end":{"line":7,"column":51}},"1":{"start":{"line":8,"column":4},"end":{"line":21,"column":6}},"2":{"start":{"line":12,"column":12},"end":{"line":17,"column":14}},"3":{"start":{"line":25,"column":0},"end":{"line":33,"column":2}}},"fnMap":{"0":{"name":"(anonymous_0)","decl":{"start":{"line":6,"column":2},"end":{"line":6,"column":3}},"loc":{"start":{"line":6,"column":11},"end":{"line":22,"column":3}},"line":6},"1":{"name":"(anonymous_1)","decl":{"start":{"line":11,"column":20},"end":{"line":11,"column":21}},"loc":{"start":{"line":12,"column":12},"end":{"line":17,"column":14}},"line":12}},"branchMap":{},"s":{"0":1,"1":1,"2":2,"3":1},"f":{"0":1,"1":2},"b":{},"_coverageSchema":"43e27e138ebf9cfc5966b082cf9a028302ed4184","hash":"829c9d75159331d7481709c1f72680b4620df4eb"}
,"D:\\Projects\\rolling-scopes\\markup-2018q3\\dashboard\\client\\src\\views\\tableHead.jsx": {"path":"D:\\Projects\\rolling-scopes\\markup-2018q3\\dashboard\\client\\src\\views\\tableHead.jsx","statementMap":{"0":{"start":{"line":5,"column":18},"end":{"line":14,"column":1}},"1":{"start":{"line":6,"column":2},"end":{"line":13,"column":10}},"2":{"start":{"line":10,"column":40},"end":{"line":10,"column":96}},"3":{"start":{"line":16,"column":16},"end":{"line":26,"column":1}},"4":{"start":{"line":17,"column":2},"end":{"line":25,"column":7}},"5":{"start":{"line":28,"column":0},"end":{"line":30,"column":2}},"6":{"start":{"line":32,"column":0},"end":{"line":34,"column":2}},"7":{"start":{"line":36,"column":0},"end":{"line":38,"column":2}}},"fnMap":{"0":{"name":"(anonymous_0)","decl":{"start":{"line":5,"column":18},"end":{"line":5,"column":19}},"loc":{"start":{"line":6,"column":2},"end":{"line":13,"column":10}},"line":6},"1":{"name":"(anonymous_1)","decl":{"start":{"line":10,"column":21},"end":{"line":10,"column":22}},"loc":{"start":{"line":10,"column":40},"end":{"line":10,"column":96}},"line":10},"2":{"name":"(anonymous_2)","decl":{"start":{"line":16,"column":16},"end":{"line":16,"column":17}},"loc":{"start":{"line":17,"column":2},"end":{"line":25,"column":7}},"line":17}},"branchMap":{},"s":{"0":1,"1":2,"2":3,"3":1,"4":0,"5":1,"6":1,"7":1},"f":{"0":2,"1":3,"2":0},"b":{},"_coverageSchema":"43e27e138ebf9cfc5966b082cf9a028302ed4184","hash":"138b0ed17eaa47a29d4cdbeb052e0dcd2ef4311d"}
,"D:\\Projects\\rolling-scopes\\markup-2018q3\\dashboard\\client\\src\\views\\tableItem.jsx": {"path":"D:\\Projects\\rolling-scopes\\markup-2018q3\\dashboard\\client\\src\\views\\tableItem.jsx","statementMap":{"0":{"start":{"line":5,"column":18},"end":{"line":16,"column":1}},"1":{"start":{"line":6,"column":2},"end":{"line":15,"column":7}},"2":{"start":{"line":18,"column":0},"end":{"line":22,"column":2}},"3":{"start":{"line":24,"column":0},"end":{"line":28,"column":2}}},"fnMap":{"0":{"name":"(anonymous_0)","decl":{"start":{"line":5,"column":18},"end":{"line":5,"column":19}},"loc":{"start":{"line":6,"column":2},"end":{"line":15,"column":7}},"line":6}},"branchMap":{},"s":{"0":6,"1":2,"2":6,"3":6},"f":{"0":2},"b":{},"_coverageSchema":"43e27e138ebf9cfc5966b082cf9a028302ed4184","hash":"be64366b2f2bafdc8682897c0d593a0d1271359f"}
,"D:\\Projects\\rolling-scopes\\markup-2018q3\\dashboard\\client\\src\\views\\tableRow.jsx": {"path":"D:\\Projects\\rolling-scopes\\markup-2018q3\\dashboard\\client\\src\\views\\tableRow.jsx","statementMap":{"0":{"start":{"line":5,"column":17},"end":{"line":21,"column":1}},"1":{"start":{"line":6,"column":19},"end":{"line":6,"column":24}},"2":{"start":{"line":7,"column":2},"end":{"line":20,"column":4}},"3":{"start":{"line":23,"column":0},"end":{"line":25,"column":2}}},"fnMap":{"0":{"name":"(anonymous_0)","decl":{"start":{"line":5,"column":17},"end":{"line":5,"column":18}},"loc":{"start":{"line":5,"column":28},"end":{"line":21,"column":1}},"line":5}},"branchMap":{},"s":{"0":2,"1":1,"2":1,"3":2},"f":{"0":1},"b":{},"_coverageSchema":"43e27e138ebf9cfc5966b082cf9a028302ed4184","hash":"2fb4f082c95ee675573a53369b99d83e46ba726a"}
}
