TN:
SF:D:\Projects\rolling-scopes\markup-2018q3\dashboard\client\src\constants.js
FNF:0
FNH:0
LF:0
LH:0
BRF:0
BRH:0
end_of_record
TN:
SF:D:\Projects\rolling-scopes\markup-2018q3\dashboard\client\src\containers\taskResult.jsx
FN:5,(anonymous_0)
FNF:1
FNH:1
FNDA:1,(anonymous_0)
DA:5,4
DA:6,1
DA:9,4
LF:3
LH:3
BRF:0
BRH:0
end_of_record
TN:
SF:D:\Projects\rolling-scopes\markup-2018q3\dashboard\client\src\containers\taskResultColumn.jsx
FN:6,(anonymous_0)
FN:25,(anonymous_1)
FNF:2
FNH:2
FNDA:4,(anonymous_0)
FNDA:4,(anonymous_1)
DA:6,5
DA:7,4
DA:8,4
DA:10,4
DA:11,1
DA:13,4
DA:14,1
DA:16,4
DA:17,1
DA:19,4
DA:20,2
DA:22,4
DA:25,5
DA:26,4
DA:27,4
DA:28,4
DA:29,4
DA:38,5
DA:43,5
LF:19
LH:19
BRDA:8,0,0,3
BRDA:8,0,1,1
BRDA:10,1,0,1
BRDA:10,1,1,3
BRDA:10,2,0,4
BRDA:10,2,1,2
BRDA:13,3,0,1
BRDA:13,3,1,3
BRDA:13,4,0,4
BRDA:13,4,1,2
BRDA:13,4,2,1
BRDA:16,5,0,1
BRDA:16,5,1,3
BRDA:16,6,0,4
BRDA:16,6,1,2
BRDA:16,6,2,1
BRDA:16,6,3,1
BRDA:19,7,0,2
BRDA:19,7,1,2
BRDA:27,8,0,2
BRDA:27,8,1,2
BRDA:28,9,0,2
BRDA:28,9,1,2
BRF:23
BRH:23
end_of_record
TN:
SF:D:\Projects\rolling-scopes\markup-2018q3\dashboard\client\src\containers\taskResults.jsx
FN:6,(anonymous_0)
FN:7,(anonymous_1)
FN:11,(anonymous_2)
FN:16,(anonymous_3)
FNF:4
FNH:4
FNDA:4,(anonymous_0)
FNDA:4,(anonymous_1)
FNDA:2,(anonymous_2)
FNDA:2,(anonymous_3)
DA:7,4
DA:8,4
DA:12,2
DA:13,2
DA:17,2
DA:30,3
LF:6
LH:6
BRDA:8,0,0,2
BRDA:8,0,1,2
BRF:2
BRH:2
end_of_record
TN:
SF:D:\Projects\rolling-scopes\markup-2018q3\dashboard\client\src\views\tableBody.jsx
FN:6,(anonymous_0)
FN:11,(anonymous_1)
FNF:2
FNH:2
FNDA:1,(anonymous_0)
FNDA:2,(anonymous_1)
DA:7,1
DA:8,1
DA:12,2
DA:25,1
LF:4
LH:4
BRF:0
BRH:0
end_of_record
TN:
SF:D:\Projects\rolling-scopes\markup-2018q3\dashboard\client\src\views\tableHead.jsx
FN:5,(anonymous_0)
FN:10,(anonymous_1)
FN:16,(anonymous_2)
FNF:3
FNH:2
FNDA:2,(anonymous_0)
FNDA:3,(anonymous_1)
FNDA:0,(anonymous_2)
DA:5,1
DA:6,2
DA:10,3
DA:16,1
DA:17,0
DA:28,1
DA:32,1
DA:36,1
LF:8
LH:7
BRF:0
BRH:0
end_of_record
TN:
SF:D:\Projects\rolling-scopes\markup-2018q3\dashboard\client\src\views\tableItem.jsx
FN:5,(anonymous_0)
FNF:1
FNH:1
FNDA:2,(anonymous_0)
DA:5,6
DA:6,2
DA:18,6
DA:24,6
LF:4
LH:4
BRF:0
BRH:0
end_of_record
TN:
SF:D:\Projects\rolling-scopes\markup-2018q3\dashboard\client\src\views\tableRow.jsx
FN:5,(anonymous_0)
FNF:1
FNH:1
FNDA:1,(anonymous_0)
DA:5,2
DA:6,1
DA:7,1
DA:23,2
LF:4
LH:4
BRF:0
BRH:0
end_of_record
